  소스.c
C:\Users\user\Documents\GitHub\TIL\programing\프로젝트\프로젝트\소스.c(679,18): warning C4244: '함수': 'time_t'에서 'unsigned int'(으)로 변환하면서 데이터가 손실될 수 있습니다.
C:\Users\user\Documents\GitHub\TIL\programing\프로젝트\프로젝트\소스.c(890,17): warning C4098: 'alphabet': 'void' 함수에서 값을 반환하고 있습니다.
C:\Users\user\Documents\GitHub\TIL\programing\프로젝트\프로젝트\소스.c(1198,45): warning C4020: 'attitude_quize': 실제 매개 변수가 너무 많습니다.
C:\Users\user\Documents\GitHub\TIL\programing\프로젝트\프로젝트\소스.c(1202,45): warning C4020: 'attitude_quize': 실제 매개 변수가 너무 많습니다.
C:\Users\user\Documents\GitHub\TIL\programing\프로젝트\프로젝트\소스.c(1206,45): warning C4020: 'attitude_quize': 실제 매개 변수가 너무 많습니다.
C:\Users\user\Documents\GitHub\TIL\programing\프로젝트\프로젝트\소스.c(1210,45): warning C4020: 'attitude_quize': 실제 매개 변수가 너무 많습니다.
C:\Users\user\Documents\GitHub\TIL\programing\프로젝트\프로젝트\소스.c(1213,17): warning C4098: 'attitude': 'void' 함수에서 값을 반환하고 있습니다.
C:\Users\user\Documents\GitHub\TIL\programing\프로젝트\프로젝트\소스.c(900,19): warning C4101: 'a' :참조되지 않은 지역 변수입니다.
C:\Users\user\Documents\GitHub\TIL\programing\프로젝트\프로젝트\소스.c(900,11): warning C4101: 'answer' :참조되지 않은 지역 변수입니다.
C:\Users\user\Documents\GitHub\TIL\programing\프로젝트\프로젝트\소스.c(900,22): warning C4101: 'b' :참조되지 않은 지역 변수입니다.
C:\Users\user\Documents\GitHub\TIL\programing\프로젝트\프로젝트\소스.c(901,7): warning C4101: 'key1' :참조되지 않은 지역 변수입니다.
C:\Users\user\Documents\GitHub\TIL\programing\프로젝트\프로젝트\소스.c(1221,1): warning C4029: 선언된 정식 매개 변수 목록이 정의와 다릅니다.
C:\Users\user\Documents\GitHub\TIL\programing\프로젝트\프로젝트\소스.c(1222,18): warning C4244: '함수': 'time_t'에서 'unsigned int'(으)로 변환하면서 데이터가 손실될 수 있습니다.
C:\Users\user\Documents\GitHub\TIL\programing\프로젝트\프로젝트\소스.c(1313,17): warning C4098: 'attribute': 'void' 함수에서 값을 반환하고 있습니다.
C:\Users\user\Documents\GitHub\TIL\programing\프로젝트\프로젝트\소스.c(1322,18): warning C4244: '함수': 'time_t'에서 'unsigned int'(으)로 변환하면서 데이터가 손실될 수 있습니다.
C:\Users\user\Documents\GitHub\TIL\programing\프로젝트\프로젝트\소스.c(1355,18): warning C4098: 'ch_move': 'void' 함수에서 값을 반환하고 있습니다.
C:\Users\user\Documents\GitHub\TIL\programing\프로젝트\프로젝트\소스.c(1483,15): warning C4098: 'clock1': 'void' 함수에서 값을 반환하고 있습니다.
C:\Users\user\Documents\GitHub\TIL\programing\프로젝트\프로젝트\소스.c(1599,17): warning C4098: 'coding': 'void' 함수에서 값을 반환하고 있습니다.
C:\Users\user\Documents\GitHub\TIL\programing\프로젝트\프로젝트\소스.c(1888,22): warning C4098: 'color': 'void' 함수에서 값을 반환하고 있습니다.
C:\Users\user\Documents\GitHub\TIL\programing\프로젝트\프로젝트\소스.c(1893,19): warning C4098: 'color': 'void' 함수에서 값을 반환하고 있습니다.
C:\Users\user\Documents\GitHub\TIL\programing\프로젝트\프로젝트\소스.c(1895,19): warning C4098: 'color': 'void' 함수에서 값을 반환하고 있습니다.
C:\Users\user\Documents\GitHub\TIL\programing\프로젝트\프로젝트\소스.c(1926,13): warning C4098: 'delete_diary': 'void' 함수에서 값을 반환하고 있습니다.
C:\Users\user\Documents\GitHub\TIL\programing\프로젝트\프로젝트\소스.c(1921,17): warning C4101: 'did' :참조되지 않은 지역 변수입니다.
C:\Users\user\Documents\GitHub\TIL\programing\프로젝트\프로젝트\소스.c(1921,8): warning C4101: 'day' :참조되지 않은 지역 변수입니다.
C:\Users\user\Documents\GitHub\TIL\programing\프로젝트\프로젝트\소스.c(1977,17): warning C4098: 'diary': 'void' 함수에서 값을 반환하고 있습니다.
C:\Users\user\Documents\GitHub\TIL\programing\프로젝트\프로젝트\소스.c(1936,6): warning C4101: 'num' :참조되지 않은 지역 변수입니다.
C:\Users\user\Documents\GitHub\TIL\programing\프로젝트\프로젝트\소스.c(2080,17): warning C4098: 'game': 'void' 함수에서 값을 반환하고 있습니다.
C:\Users\user\Documents\GitHub\TIL\programing\프로젝트\프로젝트\소스.c(2089,18): warning C4244: '함수': 'time_t'에서 'unsigned int'(으)로 변환하면서 데이터가 손실될 수 있습니다.
C:\Users\user\Documents\GitHub\TIL\programing\프로젝트\프로젝트\소스.c(2391,22): warning C4098: 'introduce': 'void' 함수에서 값을 반환하고 있습니다.
C:\Users\user\Documents\GitHub\TIL\programing\프로젝트\프로젝트\소스.c(2430,18): warning C4244: '함수': 'time_t'에서 'unsigned int'(으)로 변환하면서 데이터가 손실될 수 있습니다.
C:\Users\user\Documents\GitHub\TIL\programing\프로젝트\프로젝트\소스.c(2486,17): warning C4098: 'move': 'void' 함수에서 값을 반환하고 있습니다.
C:\Users\user\Documents\GitHub\TIL\programing\프로젝트\프로젝트\소스.c(2495,18): warning C4244: '함수': 'time_t'에서 'unsigned int'(으)로 변환하면서 데이터가 손실될 수 있습니다.
C:\Users\user\Documents\GitHub\TIL\programing\프로젝트\프로젝트\소스.c(2559,12): warning C4098: 'open_diary': 'void' 함수에서 값을 반환하고 있습니다.
C:\Users\user\Documents\GitHub\TIL\programing\프로젝트\프로젝트\소스.c(2709,18): warning C4244: '함수': 'time_t'에서 'unsigned int'(으)로 변환하면서 데이터가 손실될 수 있습니다.
C:\Users\user\Documents\GitHub\TIL\programing\프로젝트\프로젝트\소스.c(2810,11): warning C4098: 'sever': 'void' 함수에서 값을 반환하고 있습니다.
C:\Users\user\Documents\GitHub\TIL\programing\프로젝트\프로젝트\소스.c(2817,25): warning C4098: 'sever': 'void' 함수에서 값을 반환하고 있습니다.
C:\Users\user\Documents\GitHub\TIL\programing\프로젝트\프로젝트\소스.c(2826,41): warning C4098: 'sever': 'void' 함수에서 값을 반환하고 있습니다.
C:\Users\user\Documents\GitHub\TIL\programing\프로젝트\프로젝트\소스.c(2831,41): warning C4098: 'sever': 'void' 함수에서 값을 반환하고 있습니다.
C:\Users\user\Documents\GitHub\TIL\programing\프로젝트\프로젝트\소스.c(2839,41): warning C4098: 'sever': 'void' 함수에서 값을 반환하고 있습니다.
C:\Users\user\Documents\GitHub\TIL\programing\프로젝트\프로젝트\소스.c(2853,38): warning C4267: '함수': 'size_t'에서 'int'(으)로 변환하면서 데이터가 손실될 수 있습니다.
C:\Users\user\Documents\GitHub\TIL\programing\프로젝트\프로젝트\소스.c(2857,25): warning C4098: 'sever': 'void' 함수에서 값을 반환하고 있습니다.
C:\Users\user\Documents\GitHub\TIL\programing\프로젝트\프로젝트\소스.c(2865,15): warning C4098: 'sever': 'void' 함수에서 값을 반환하고 있습니다.
C:\Users\user\Documents\GitHub\TIL\programing\프로젝트\프로젝트\소스.c(2873,14): warning C4013: 'rand_num'이(가) 정의되지 않았습니다. extern은 int형을 반환하는 것으로 간주합니다.
C:\Users\user\Documents\GitHub\TIL\programing\프로젝트\프로젝트\소스.c(2905,18): warning C4244: '함수': 'time_t'에서 'unsigned int'(으)로 변환하면서 데이터가 손실될 수 있습니다.
C:\Users\user\Documents\GitHub\TIL\programing\프로젝트\프로젝트\소스.c(3080,17): warning C4098: 'taza': 'void' 함수에서 값을 반환하고 있습니다.
C:\Users\user\Documents\GitHub\TIL\programing\프로젝트\프로젝트\소스.c(3041,7): warning C4101: '받는거' :참조되지 않은 지역 변수입니다.
C:\Users\user\Documents\GitHub\TIL\programing\프로젝트\프로젝트\소스.c(3040,34): warning C4101: 'kr' :참조되지 않은 지역 변수입니다.
C:\Users\user\Documents\GitHub\TIL\programing\프로젝트\프로젝트\소스.c(3090,18): warning C4244: '함수': 'time_t'에서 'unsigned int'(으)로 변환하면서 데이터가 손실될 수 있습니다.
C:\Users\user\Documents\GitHub\TIL\programing\프로젝트\프로젝트\소스.c(3127,9): warning C4013: 'gets'이(가) 정의되지 않았습니다. extern은 int형을 반환하는 것으로 간주합니다.
C:\Users\user\Documents\GitHub\TIL\programing\프로젝트\프로젝트\소스.c(3160,18): warning C4244: '함수': 'time_t'에서 'unsigned int'(으)로 변환하면서 데이터가 손실될 수 있습니다.
C:\Users\user\Documents\GitHub\TIL\programing\프로젝트\프로젝트\소스.c(3204,24): warning C4047: '==': 'int'의 간접 참조 수준이 'void *'과(와) 다릅니다.
C:\Users\user\Documents\GitHub\TIL\programing\프로젝트\프로젝트\소스.c(3218,29): warning C4047: '==': 'int'의 간접 참조 수준이 'void *'과(와) 다릅니다.
C:\Users\user\Documents\GitHub\TIL\programing\프로젝트\프로젝트\소스.c(3248,18): warning C4244: '함수': 'time_t'에서 'unsigned int'(으)로 변환하면서 데이터가 손실될 수 있습니다.
C:\Users\user\Documents\GitHub\TIL\programing\프로젝트\프로젝트\소스.c(3309,18): warning C4244: '함수': 'time_t'에서 'unsigned int'(으)로 변환하면서 데이터가 손실될 수 있습니다.
C:\Users\user\Documents\GitHub\TIL\programing\프로젝트\프로젝트\소스.c(3323,35): warning C4244: '=': 'int'에서 'float'(으)로 변환하면서 데이터가 손실될 수 있습니다.
C:\Users\user\Documents\GitHub\TIL\programing\프로젝트\프로젝트\소스.c(3341,16): warning C4244: '=': 'float'에서 'int'(으)로 변환하면서 데이터가 손실될 수 있습니다.
C:\Users\user\Documents\GitHub\TIL\programing\프로젝트\프로젝트\소스.c(3371,12): warning C4098: 'update_diary': 'void' 함수에서 값을 반환하고 있습니다.
C:\Users\user\Documents\GitHub\TIL\programing\프로젝트\프로젝트\소스.c(3393,18): warning C4244: '함수': 'time_t'에서 'unsigned int'(으)로 변환하면서 데이터가 손실될 수 있습니다.
C:\Users\user\Documents\GitHub\TIL\programing\프로젝트\프로젝트\소스.c(3658,18): warning C4244: '함수': 'time_t'에서 'unsigned int'(으)로 변환하면서 데이터가 손실될 수 있습니다.
C:\Users\user\Documents\GitHub\TIL\programing\프로젝트\프로젝트\소스.c(3552): warning C4715: 'choice2': 모든 제어 경로에서 값을 반환하지는 않습니다.
C:\Users\user\Documents\GitHub\TIL\programing\프로젝트\프로젝트\소스.c(3652): warning C4715: 'keyControl': 모든 제어 경로에서 값을 반환하지는 않습니다.
  프로젝트.vcxproj -> C:\Users\user\Documents\GitHub\TIL\programing\프로젝트\x64\Debug\프로젝트.exe
